[35m[1mScanning dependencies of target _airsim_ros_generate_messages_check_deps_Land[0m
[35m[1mScanning dependencies of target _airsim_ros_generate_messages_check_deps_Reset[0m
[35m[1mScanning dependencies of target _airsim_ros_generate_messages_check_deps_VelCmd[0m
[35m[1mScanning dependencies of target _airsim_ros_generate_messages_check_deps_TakeoffGroup[0m
[35m[1mScanning dependencies of target _airsim_ros_generate_messages_check_deps_SetLocalPosition[0m
[35m[1mScanning dependencies of target _airsim_ros_generate_messages_check_deps_CirclePoses[0m
[35m[1mScanning dependencies of target _airsim_ros_generate_messages_check_deps_Environment[0m
[35m[1mScanning dependencies of target _airsim_ros_generate_messages_check_deps_PoseCmd[0m
[35m[1mScanning dependencies of target tf2_msgs_generate_messages_lisp[0m
[35m[1mScanning dependencies of target _airsim_ros_generate_messages_check_deps_RotorPWM[0m
[35m[1mScanning dependencies of target _airsim_ros_generate_messages_check_deps_LandGroup[0m
[35m[1mScanning dependencies of target _airsim_ros_generate_messages_check_deps_TreePoses[0m
[  0%] Built target tf2_msgs_generate_messages_lisp
[35m[1mScanning dependencies of target _airsim_ros_generate_messages_check_deps_CarState[0m
[  0%] Built target _airsim_ros_generate_messages_check_deps_PoseCmd
[  0%] Built target _airsim_ros_generate_messages_check_deps_VelCmd
[  0%] Built target _airsim_ros_generate_messages_check_deps_Reset
[  0%] Built target _airsim_ros_generate_messages_check_deps_CirclePoses
[  0%] Built target _airsim_ros_generate_messages_check_deps_SetLocalPosition
[  0%] Built target _airsim_ros_generate_messages_check_deps_Land
[  0%] Built target _airsim_ros_generate_messages_check_deps_TreePoses
[  0%] Built target _airsim_ros_generate_messages_check_deps_Environment
[  0%] Built target _airsim_ros_generate_messages_check_deps_RotorPWM
[  0%] Built target _airsim_ros_generate_messages_check_deps_TakeoffGroup
[  0%] Built target _airsim_ros_generate_messages_check_deps_LandGroup
[35m[1mScanning dependencies of target _airsim_ros_generate_messages_check_deps_SetGPSPosition[0m
[35m[1mScanning dependencies of target _airsim_ros_generate_messages_check_deps_GPSYaw[0m
[35m[1mScanning dependencies of target _airsim_ros_generate_messages_check_deps_Altimeter[0m
[35m[1mScanning dependencies of target _airsim_ros_generate_messages_check_deps_GimbalAngleEulerCmd[0m
[35m[1mScanning dependencies of target std_msgs_generate_messages_py[0m
[35m[1mScanning dependencies of target _airsim_ros_generate_messages_check_deps_VelCmdGroup[0m
[35m[1mScanning dependencies of target _airsim_ros_generate_messages_check_deps_GimbalAngleQuatCmd[0m
[35m[1mScanning dependencies of target _airsim_ros_generate_messages_check_deps_AngleRateThrottle[0m
[35m[1mScanning dependencies of target _airsim_ros_generate_messages_check_deps_TopicHz[0m
[35m[1mScanning dependencies of target _airsim_ros_generate_messages_check_deps_CarControls[0m
[35m[1mScanning dependencies of target geometry_msgs_generate_messages_py[0m
[  0%] Built target _airsim_ros_generate_messages_check_deps_CarState
[  0%] Built target std_msgs_generate_messages_py
[  0%] Built target geometry_msgs_generate_messages_py
[35m[1mScanning dependencies of target _airsim_ros_generate_messages_check_deps_Circle[0m
[  0%] Built target _airsim_ros_generate_messages_check_deps_Altimeter
[  0%] Built target _airsim_ros_generate_messages_check_deps_GimbalAngleEulerCmd
[  0%] Built target _airsim_ros_generate_messages_check_deps_GimbalAngleQuatCmd
[  0%] Built target _airsim_ros_generate_messages_check_deps_SetGPSPosition
[  0%] Built target _airsim_ros_generate_messages_check_deps_GPSYaw
[  0%] Built target _airsim_ros_generate_messages_check_deps_VelCmdGroup
[  0%] Built target _airsim_ros_generate_messages_check_deps_CarControls
[  0%] Built target _airsim_ros_generate_messages_check_deps_TopicHz
[  0%] Built target _airsim_ros_generate_messages_check_deps_AngleRateThrottle
[35m[1mScanning dependencies of target _airsim_ros_generate_messages_check_deps_Takeoff[0m
[35m[1mScanning dependencies of target geographic_msgs_generate_messages_py[0m
[35m[1mScanning dependencies of target geographic_msgs_generate_messages_nodejs[0m
[35m[1mScanning dependencies of target std_msgs_generate_messages_nodejs[0m
[35m[1mScanning dependencies of target geographic_msgs_generate_messages_eus[0m
[35m[1mScanning dependencies of target geometry_msgs_generate_messages_nodejs[0m
[  0%] Built target _airsim_ros_generate_messages_check_deps_Circle
[  0%] Built target geographic_msgs_generate_messages_py
[  0%] Built target geographic_msgs_generate_messages_nodejs
[  0%] Built target std_msgs_generate_messages_nodejs
[  0%] Built target geographic_msgs_generate_messages_eus
[  0%] Built target geometry_msgs_generate_messages_nodejs
[35m[1mScanning dependencies of target std_msgs_generate_messages_eus[0m
[35m[1mScanning dependencies of target geographic_msgs_generate_messages_cpp[0m
[35m[1mScanning dependencies of target geometry_msgs_generate_messages_eus[0m
[35m[1mScanning dependencies of target std_msgs_generate_messages_cpp[0m
[35m[1mScanning dependencies of target geometry_msgs_generate_messages_cpp[0m
[  0%] Built target _airsim_ros_generate_messages_check_deps_Takeoff
[35m[1mScanning dependencies of target actionlib_generate_messages_py[0m
[  0%] Built target std_msgs_generate_messages_eus
[  0%] Built target geometry_msgs_generate_messages_eus
[  0%] Built target geographic_msgs_generate_messages_cpp
[  0%] Built target std_msgs_generate_messages_cpp
[  0%] Built target geometry_msgs_generate_messages_cpp
[  0%] Built target actionlib_generate_messages_py
[35m[1mScanning dependencies of target actionlib_generate_messages_nodejs[0m
[35m[1mScanning dependencies of target actionlib_generate_messages_cpp[0m
[  0%] Built target actionlib_generate_messages_nodejs
[  0%] Built target actionlib_generate_messages_cpp
[35m[1mScanning dependencies of target tf2_msgs_generate_messages_py[0m
[  0%] Built target tf2_msgs_generate_messages_py
[35m[1mScanning dependencies of target tf2_msgs_generate_messages_nodejs[0m
[35m[1mScanning dependencies of target actionlib_msgs_generate_messages_py[0m
[  0%] Built target tf2_msgs_generate_messages_nodejs
[35m[1mScanning dependencies of target nav_msgs_generate_messages_eus[0m
[35m[1mScanning dependencies of target tf2_msgs_generate_messages_cpp[0m
[35m[1mScanning dependencies of target actionlib_msgs_generate_messages_nodejs[0m
[35m[1mScanning dependencies of target actionlib_msgs_generate_messages_lisp[0m
[  0%] Built target actionlib_msgs_generate_messages_py
[  0%] Built target nav_msgs_generate_messages_eus
[  0%] Built target tf2_msgs_generate_messages_cpp
[  0%] Built target actionlib_msgs_generate_messages_nodejs
[  0%] Built target actionlib_msgs_generate_messages_lisp
[35m[1mScanning dependencies of target geometry_msgs_generate_messages_lisp[0m
[  0%] Built target geometry_msgs_generate_messages_lisp
[35m[1mScanning dependencies of target actionlib_generate_messages_lisp[0m
[  0%] Built target actionlib_generate_messages_lisp
[35m[1mScanning dependencies of target _catkin_empty_exported_target[0m
[35m[1mScanning dependencies of target roscpp_generate_messages_lisp[0m
[  0%] Built target _catkin_empty_exported_target
[  0%] Built target roscpp_generate_messages_lisp
[35m[1mScanning dependencies of target actionlib_msgs_generate_messages_eus[0m
[  0%] Built target actionlib_msgs_generate_messages_eus
[35m[1mScanning dependencies of target rosgraph_msgs_generate_messages_lisp[0m
[  0%] Built target rosgraph_msgs_generate_messages_lisp
[35m[1mScanning dependencies of target rosgraph_msgs_generate_messages_py[0m
[  0%] Built target rosgraph_msgs_generate_messages_py
[35m[1mScanning dependencies of target std_msgs_generate_messages_lisp[0m
[  0%] Built target std_msgs_generate_messages_lisp
[35m[1mScanning dependencies of target geographic_msgs_generate_messages_lisp[0m
[  0%] Built target geographic_msgs_generate_messages_lisp
[35m[1mScanning dependencies of target actionlib_msgs_generate_messages_cpp[0m
[  0%] Built target actionlib_msgs_generate_messages_cpp
[35m[1mScanning dependencies of target roscpp_generate_messages_eus[0m
[35m[1mScanning dependencies of target uuid_msgs_generate_messages_eus[0m
[  0%] Built target roscpp_generate_messages_eus
[  0%] Built target uuid_msgs_generate_messages_eus
[35m[1mScanning dependencies of target uuid_msgs_generate_messages_cpp[0m
[  0%] Built target uuid_msgs_generate_messages_cpp
[35m[1mScanning dependencies of target std_srvs_generate_messages_cpp[0m
[35m[1mScanning dependencies of target std_srvs_generate_messages_nodejs[0m
[  0%] Built target std_srvs_generate_messages_cpp
[  0%] Built target std_srvs_generate_messages_nodejs
[35m[1mScanning dependencies of target nav_msgs_generate_messages_py[0m
[  0%] Built target nav_msgs_generate_messages_py
[35m[1mScanning dependencies of target tf2_msgs_generate_messages_eus[0m
[  0%] Built target tf2_msgs_generate_messages_eus
[35m[1mScanning dependencies of target sensor_msgs_generate_messages_py[0m
[  0%] Built target sensor_msgs_generate_messages_py
[35m[1mScanning dependencies of target roscpp_generate_messages_cpp[0m
[  0%] Built target roscpp_generate_messages_cpp
[35m[1mScanning dependencies of target nav_msgs_generate_messages_cpp[0m
[  0%] Built target nav_msgs_generate_messages_cpp
[35m[1mScanning dependencies of target nav_msgs_generate_messages_lisp[0m
[  0%] Built target nav_msgs_generate_messages_lisp
[35m[1mScanning dependencies of target roscpp_generate_messages_nodejs[0m
[  0%] Built target roscpp_generate_messages_nodejs
[35m[1mScanning dependencies of target roscpp_generate_messages_py[0m
[35m[1mScanning dependencies of target actionlib_generate_messages_eus[0m
[  0%] Built target roscpp_generate_messages_py
[  0%] Built target actionlib_generate_messages_eus
[35m[1mScanning dependencies of target rosgraph_msgs_generate_messages_cpp[0m
[  0%] Built target rosgraph_msgs_generate_messages_cpp
[35m[1mScanning dependencies of target uuid_msgs_generate_messages_lisp[0m
[  0%] Built target uuid_msgs_generate_messages_lisp
[35m[1mScanning dependencies of target nav_msgs_generate_messages_nodejs[0m
[35m[1mScanning dependencies of target sensor_msgs_generate_messages_cpp[0m
[  0%] Built target nav_msgs_generate_messages_nodejs
[  0%] Built target sensor_msgs_generate_messages_cpp
[35m[1mScanning dependencies of target rosgraph_msgs_generate_messages_eus[0m
[  0%] Built target rosgraph_msgs_generate_messages_eus
[35m[1mScanning dependencies of target std_srvs_generate_messages_py[0m
[  0%] Built target std_srvs_generate_messages_py
[35m[1mScanning dependencies of target sensor_msgs_generate_messages_eus[0m
[  0%] Built target sensor_msgs_generate_messages_eus
[35m[1mScanning dependencies of target sensor_msgs_generate_messages_lisp[0m
[  0%] Built target sensor_msgs_generate_messages_lisp
[35m[1mScanning dependencies of target sensor_msgs_generate_messages_nodejs[0m
[  0%] Built target sensor_msgs_generate_messages_nodejs
[35m[1mScanning dependencies of target rosgraph_msgs_generate_messages_nodejs[0m
[  0%] Built target rosgraph_msgs_generate_messages_nodejs
[35m[1mScanning dependencies of target std_srvs_generate_messages_lisp[0m
[  0%] Built target std_srvs_generate_messages_lisp
[35m[1mScanning dependencies of target uuid_msgs_generate_messages_nodejs[0m
[  0%] Built target uuid_msgs_generate_messages_nodejs
[35m[1mScanning dependencies of target uuid_msgs_generate_messages_py[0m
[  0%] Built target uuid_msgs_generate_messages_py
[35m[1mScanning dependencies of target std_srvs_generate_messages_eus[0m
[  0%] Built target std_srvs_generate_messages_eus
[35m[1mScanning dependencies of target airsim_ros_generate_messages_py[0m
[  1%] [34m[1mGenerating Python from MSG airsim_ros/GimbalAngleEulerCmd[0m
[35m[1mScanning dependencies of target airsim_ros_generate_messages_nodejs[0m
[  2%] [34m[1mGenerating Javascript code from airsim_ros/GimbalAngleEulerCmd.msg[0m
[  3%] [34m[1mGenerating Javascript code from airsim_ros/GimbalAngleQuatCmd.msg[0m
[  4%] [34m[1mGenerating Python from MSG airsim_ros/GimbalAngleQuatCmd[0m
[  5%] [34m[1mGenerating Javascript code from airsim_ros/GPSYaw.msg[0m
[  5%] [34m[1mGenerating Python from MSG airsim_ros/GPSYaw[0m
[  5%] [34m[1mGenerating Javascript code from airsim_ros/VelCmd.msg[0m
[  6%] [34m[1mGenerating Javascript code from airsim_ros/VelCmdGroup.msg[0m
[  7%] [34m[1mGenerating Python from MSG airsim_ros/VelCmd[0m
[  8%] [34m[1mGenerating Javascript code from airsim_ros/CarControls.msg[0m
[  9%] [34m[1mGenerating Javascript code from airsim_ros/CarState.msg[0m
[ 10%] [34m[1mGenerating Python from MSG airsim_ros/VelCmdGroup[0m
[ 11%] [34m[1mGenerating Javascript code from airsim_ros/Altimeter.msg[0m
[ 11%] [34m[1mGenerating Javascript code from airsim_ros/Environment.msg[0m
[ 12%] [34m[1mGenerating Python from MSG airsim_ros/CarControls[0m
[ 13%] [34m[1mGenerating Javascript code from airsim_ros/PoseCmd.msg[0m
[ 14%] [34m[1mGenerating Javascript code from airsim_ros/AngleRateThrottle.msg[0m
[ 14%] [34m[1mGenerating Python from MSG airsim_ros/CarState[0m
[ 15%] [34m[1mGenerating Javascript code from airsim_ros/Circle.msg[0m
[ 15%] [34m[1mGenerating Javascript code from airsim_ros/CirclePoses.msg[0m
[ 17%] [34m[1mGenerating Python from MSG airsim_ros/Altimeter[0m
[ 18%] [34m[1mGenerating Javascript code from airsim_ros/TreePoses.msg[0m
[ 19%] [34m[1mGenerating Javascript code from airsim_ros/RotorPWM.msg[0m
[ 20%] [34m[1mGenerating Javascript code from airsim_ros/SetGPSPosition.srv[0m
[ 21%] [34m[1mGenerating Python from MSG airsim_ros/Environment[0m
[ 21%] [34m[1mGenerating Javascript code from airsim_ros/Takeoff.srv[0m
[ 22%] [34m[1mGenerating Javascript code from airsim_ros/TakeoffGroup.srv[0m
[ 23%] [34m[1mGenerating Python from MSG airsim_ros/PoseCmd[0m
[ 24%] [34m[1mGenerating Python from MSG airsim_ros/AngleRateThrottle[0m
[ 25%] [34m[1mGenerating Javascript code from airsim_ros/Land.srv[0m
[ 26%] [34m[1mGenerating Javascript code from airsim_ros/LandGroup.srv[0m
[ 27%] [34m[1mGenerating Javascript code from airsim_ros/Reset.srv[0m
[ 27%] [34m[1mGenerating Python from MSG airsim_ros/Circle[0m
[ 27%] [34m[1mGenerating Javascript code from airsim_ros/SetLocalPosition.srv[0m
[ 28%] [34m[1mGenerating Javascript code from airsim_ros/TopicHz.srv[0m
[ 29%] [34m[1mGenerating Python from MSG airsim_ros/CirclePoses[0m
[ 29%] Built target airsim_ros_generate_messages_nodejs
[ 30%] [34m[1mGenerating Python from MSG airsim_ros/TreePoses[0m
[ 31%] [34m[1mGenerating Python from MSG airsim_ros/RotorPWM[0m
[35m[1mScanning dependencies of target airsim_ros_generate_messages_eus[0m
[ 32%] [34m[1mGenerating EusLisp code from airsim_ros/GimbalAngleEulerCmd.msg[0m
[ 32%] [34m[1mGenerating Python code from SRV airsim_ros/SetGPSPosition[0m
[ 34%] [34m[1mGenerating EusLisp code from airsim_ros/GimbalAngleQuatCmd.msg[0m
[ 35%] [34m[1mGenerating EusLisp code from airsim_ros/GPSYaw.msg[0m
[ 35%] [34m[1mGenerating EusLisp code from airsim_ros/VelCmd.msg[0m
[ 36%] [34m[1mGenerating Python code from SRV airsim_ros/Takeoff[0m
[ 37%] [34m[1mGenerating EusLisp code from airsim_ros/VelCmdGroup.msg[0m
[ 38%] [34m[1mGenerating EusLisp code from airsim_ros/CarControls.msg[0m
[ 39%] [34m[1mGenerating Python code from SRV airsim_ros/TakeoffGroup[0m
[ 40%] [34m[1mGenerating EusLisp code from airsim_ros/CarState.msg[0m
[ 40%] [34m[1mGenerating EusLisp code from airsim_ros/Altimeter.msg[0m
[ 41%] [34m[1mGenerating EusLisp code from airsim_ros/PoseCmd.msg[0m
[ 42%] [34m[1mGenerating EusLisp code from airsim_ros/Environment.msg[0m
[ 44%] [34m[1mGenerating EusLisp code from airsim_ros/AngleRateThrottle.msg[0m
[ 44%] [34m[1mGenerating Python code from SRV airsim_ros/Land[0m
[ 45%] [34m[1mGenerating Python code from SRV airsim_ros/Reset[0m
[ 45%] [34m[1mGenerating Python code from SRV airsim_ros/LandGroup[0m
[ 45%] [34m[1mGenerating EusLisp code from airsim_ros/Circle.msg[0m
[ 46%] [34m[1mGenerating Python code from SRV airsim_ros/SetLocalPosition[0m
[ 47%] [34m[1mGenerating EusLisp code from airsim_ros/CirclePoses.msg[0m
[ 48%] [34m[1mGenerating Python code from SRV airsim_ros/TopicHz[0m
[ 50%] [34m[1mGenerating EusLisp code from airsim_ros/TreePoses.msg[0m
[ 51%] [34m[1mGenerating EusLisp code from airsim_ros/RotorPWM.msg[0m
[ 52%] [34m[1mGenerating EusLisp code from airsim_ros/SetGPSPosition.srv[0m
[ 52%] [34m[1mGenerating EusLisp code from airsim_ros/Takeoff.srv[0m
[ 53%] [34m[1mGenerating Python msg __init__.py for airsim_ros[0m
[ 54%] [34m[1mGenerating EusLisp code from airsim_ros/TakeoffGroup.srv[0m
[ 55%] [34m[1mGenerating EusLisp code from airsim_ros/Land.srv[0m
[ 55%] [34m[1mGenerating Python srv __init__.py for airsim_ros[0m
[ 56%] [34m[1mGenerating EusLisp code from airsim_ros/LandGroup.srv[0m
[ 56%] [34m[1mGenerating EusLisp code from airsim_ros/Reset.srv[0m
[ 57%] [34m[1mGenerating EusLisp code from airsim_ros/SetLocalPosition.srv[0m
[ 58%] [34m[1mGenerating EusLisp code from airsim_ros/TopicHz.srv[0m
[ 59%] [34m[1mGenerating EusLisp manifest code for airsim_ros[0m
[ 59%] Built target airsim_ros_generate_messages_py
[35m[1mScanning dependencies of target airsim_ros_generate_messages_lisp[0m
[ 60%] [34m[1mGenerating Lisp code from airsim_ros/GimbalAngleQuatCmd.msg[0m
[35m[1mScanning dependencies of target airsim_ros_generate_messages_cpp[0m
[ 60%] [34m[1mGenerating Lisp code from airsim_ros/GimbalAngleEulerCmd.msg[0m
[ 61%] [34m[1mGenerating Lisp code from airsim_ros/GPSYaw.msg[0m
[ 61%] [34m[1mGenerating C++ code from airsim_ros/GimbalAngleEulerCmd.msg[0m
[ 62%] [34m[1mGenerating Lisp code from airsim_ros/VelCmd.msg[0m
[ 63%] [34m[1mGenerating Lisp code from airsim_ros/VelCmdGroup.msg[0m
[ 64%] [34m[1mGenerating C++ code from airsim_ros/GimbalAngleQuatCmd.msg[0m
[ 64%] [34m[1mGenerating Lisp code from airsim_ros/CarControls.msg[0m
[ 65%] [34m[1mGenerating Lisp code from airsim_ros/CarState.msg[0m
[ 67%] [34m[1mGenerating Lisp code from airsim_ros/Altimeter.msg[0m
[ 68%] [34m[1mGenerating Lisp code from airsim_ros/Environment.msg[0m
[ 68%] [34m[1mGenerating Lisp code from airsim_ros/PoseCmd.msg[0m
[ 69%] [34m[1mGenerating C++ code from airsim_ros/GPSYaw.msg[0m
[ 70%] [34m[1mGenerating Lisp code from airsim_ros/AngleRateThrottle.msg[0m
[ 71%] [34m[1mGenerating C++ code from airsim_ros/VelCmd.msg[0m
[ 72%] [34m[1mGenerating Lisp code from airsim_ros/Circle.msg[0m
[ 72%] [34m[1mGenerating C++ code from airsim_ros/VelCmdGroup.msg[0m
[ 73%] [34m[1mGenerating Lisp code from airsim_ros/CirclePoses.msg[0m
[ 74%] [34m[1mGenerating Lisp code from airsim_ros/RotorPWM.msg[0m
[ 74%] [34m[1mGenerating Lisp code from airsim_ros/TreePoses.msg[0m
[ 75%] [34m[1mGenerating Lisp code from airsim_ros/SetGPSPosition.srv[0m
[ 76%] [34m[1mGenerating Lisp code from airsim_ros/Takeoff.srv[0m
[ 77%] [34m[1mGenerating C++ code from airsim_ros/CarControls.msg[0m
[ 78%] [34m[1mGenerating C++ code from airsim_ros/CarState.msg[0m
[ 79%] [34m[1mGenerating C++ code from airsim_ros/Altimeter.msg[0m
[ 80%] [34m[1mGenerating Lisp code from airsim_ros/TakeoffGroup.srv[0m
[ 80%] [34m[1mGenerating Lisp code from airsim_ros/Land.srv[0m
[ 81%] [34m[1mGenerating Lisp code from airsim_ros/Reset.srv[0m
[ 82%] [34m[1mGenerating Lisp code from airsim_ros/LandGroup.srv[0m
[ 84%] [34m[1mGenerating C++ code from airsim_ros/Environment.msg[0m
[ 84%] [34m[1mGenerating C++ code from airsim_ros/PoseCmd.msg[0m
[ 85%] [34m[1mGenerating C++ code from airsim_ros/AngleRateThrottle.msg[0m
[ 86%] [34m[1mGenerating C++ code from airsim_ros/Circle.msg[0m
[ 87%] [34m[1mGenerating C++ code from airsim_ros/CirclePoses.msg[0m
[ 88%] [34m[1mGenerating Lisp code from airsim_ros/SetLocalPosition.srv[0m
[ 88%] [34m[1mGenerating Lisp code from airsim_ros/TopicHz.srv[0m
[ 88%] [34m[1mGenerating C++ code from airsim_ros/TreePoses.msg[0m
[ 89%] [34m[1mGenerating C++ code from airsim_ros/RotorPWM.msg[0m
[ 90%] [34m[1mGenerating C++ code from airsim_ros/SetGPSPosition.srv[0m
[ 90%] [34m[1mGenerating C++ code from airsim_ros/TakeoffGroup.srv[0m
[ 91%] [34m[1mGenerating C++ code from airsim_ros/Takeoff.srv[0m
[ 92%] [34m[1mGenerating C++ code from airsim_ros/Land.srv[0m
[ 93%] [34m[1mGenerating C++ code from airsim_ros/Reset.srv[0m
[ 94%] [34m[1mGenerating C++ code from airsim_ros/LandGroup.srv[0m
[ 94%] Built target airsim_ros_generate_messages_lisp
[ 94%] [34m[1mGenerating C++ code from airsim_ros/SetLocalPosition.srv[0m
[ 95%] [34m[1mGenerating C++ code from airsim_ros/TopicHz.srv[0m
[ 95%] Built target airsim_ros_generate_messages_cpp
[ 95%] Built target airsim_ros_generate_messages_eus
[35m[1mScanning dependencies of target airsim_ros_generate_messages[0m
[35m[1mScanning dependencies of target pd_position_controller_simple[0m
[ 95%] Built target airsim_ros_generate_messages
[ 96%] [32mBuilding CXX object CMakeFiles/pd_position_controller_simple.dir/src/pd_position_controller_simple.cpp.o[0m
[ 97%] [32m[1mLinking CXX shared library /media/m2g/workdisk/workspace/GitHub/m2g_racing/m2g_racing/devel/.private/airsim_ros/lib/libpd_position_controller_simple.so[0m
[ 97%] Built target pd_position_controller_simple
[35m[1mScanning dependencies of target pd_position_controller_simple_node[0m
[ 98%] [32mBuilding CXX object CMakeFiles/pd_position_controller_simple_node.dir/src/pd_position_controller_simple_node.cpp.o[0m
[100%] [32m[1mLinking CXX executable /media/m2g/workdisk/workspace/GitHub/m2g_racing/m2g_racing/devel/.private/airsim_ros/lib/airsim_ros/pd_position_controller_simple_node[0m
[100%] Built target pd_position_controller_simple_node
