[  0%] Built target tf2_msgs_generate_messages_lisp
[  0%] Built target _airsim_ros_generate_messages_check_deps_RotorPWM
[  0%] Built target _airsim_ros_generate_messages_check_deps_VelCmd
[  0%] Built target _airsim_ros_generate_messages_check_deps_Reset
[  0%] Built target _airsim_ros_generate_messages_check_deps_LandGroup
[  0%] Built target _airsim_ros_generate_messages_check_deps_SetLocalPosition
[  0%] Built target _airsim_ros_generate_messages_check_deps_TreePoses
[  0%] Built target _airsim_ros_generate_messages_check_deps_Environment
[  0%] Built target _airsim_ros_generate_messages_check_deps_CirclePoses
[  0%] Built target _airsim_ros_generate_messages_check_deps_Land
[  0%] Built target _airsim_ros_generate_messages_check_deps_TakeoffGroup
[  0%] Built target _airsim_ros_generate_messages_check_deps_PoseCmd
[  0%] Built target std_msgs_generate_messages_py
[  0%] Built target _airsim_ros_generate_messages_check_deps_GimbalAngleEulerCmd
[  0%] Built target _airsim_ros_generate_messages_check_deps_CarState
[  0%] Built target _airsim_ros_generate_messages_check_deps_Altimeter
[  0%] Built target _airsim_ros_generate_messages_check_deps_SetGPSPosition
[  0%] Built target _airsim_ros_generate_messages_check_deps_GPSYaw
[  0%] Built target _airsim_ros_generate_messages_check_deps_GimbalAngleQuatCmd
[  0%] Built target _airsim_ros_generate_messages_check_deps_AngleRateThrottle
[  0%] Built target _airsim_ros_generate_messages_check_deps_TopicHz
[  0%] Built target _airsim_ros_generate_messages_check_deps_VelCmdGroup
[  0%] Built target _airsim_ros_generate_messages_check_deps_CarControls
[  0%] Built target geometry_msgs_generate_messages_py
[  0%] Built target _airsim_ros_generate_messages_check_deps_Circle
[  0%] Built target _airsim_ros_generate_messages_check_deps_Takeoff
[  0%] Built target geographic_msgs_generate_messages_py
[  0%] Built target geographic_msgs_generate_messages_nodejs
[  0%] Built target std_msgs_generate_messages_nodejs
[  0%] Built target geographic_msgs_generate_messages_eus
[  0%] Built target geometry_msgs_generate_messages_nodejs
[  0%] Built target std_msgs_generate_messages_eus
[  0%] Built target geometry_msgs_generate_messages_eus
[  0%] Built target geographic_msgs_generate_messages_cpp
[  0%] Built target std_msgs_generate_messages_cpp
[  0%] Built target geometry_msgs_generate_messages_cpp
[  0%] Built target actionlib_generate_messages_py
[  0%] Built target actionlib_generate_messages_nodejs
[  0%] Built target tf2_msgs_generate_messages_py
[  0%] Built target actionlib_generate_messages_cpp
[  0%] Built target tf2_msgs_generate_messages_nodejs
[  0%] Built target actionlib_msgs_generate_messages_py
[  0%] Built target tf2_msgs_generate_messages_cpp
[  0%] Built target nav_msgs_generate_messages_eus
[  0%] Built target actionlib_msgs_generate_messages_nodejs
[  0%] Built target actionlib_msgs_generate_messages_lisp
[  0%] Built target geometry_msgs_generate_messages_lisp
[  0%] Built target actionlib_generate_messages_lisp
[  0%] Built target _catkin_empty_exported_target
[  0%] Built target roscpp_generate_messages_lisp
[  0%] Built target rosgraph_msgs_generate_messages_lisp
[  0%] Built target actionlib_msgs_generate_messages_eus
[  0%] Built target rosgraph_msgs_generate_messages_py
[  0%] Built target std_msgs_generate_messages_lisp
[  0%] Built target geographic_msgs_generate_messages_lisp
[  0%] Built target actionlib_msgs_generate_messages_cpp
[  0%] Built target roscpp_generate_messages_eus
[  0%] Built target uuid_msgs_generate_messages_eus
[  0%] Built target std_srvs_generate_messages_cpp
[  0%] Built target uuid_msgs_generate_messages_cpp
[  0%] Built target std_srvs_generate_messages_nodejs
[  0%] Built target nav_msgs_generate_messages_py
[  0%] Built target tf2_msgs_generate_messages_eus
[  0%] Built target sensor_msgs_generate_messages_py
[  0%] Built target roscpp_generate_messages_cpp
[  0%] Built target nav_msgs_generate_messages_cpp
[  0%] Built target roscpp_generate_messages_py
[  0%] Built target roscpp_generate_messages_nodejs
[  0%] Built target nav_msgs_generate_messages_lisp
[  0%] Built target actionlib_generate_messages_eus
[  0%] Built target rosgraph_msgs_generate_messages_cpp
[  0%] Built target uuid_msgs_generate_messages_lisp
[  0%] Built target nav_msgs_generate_messages_nodejs
[  0%] Built target rosgraph_msgs_generate_messages_eus
[  0%] Built target sensor_msgs_generate_messages_cpp
[  0%] Built target std_srvs_generate_messages_py
[  0%] Built target sensor_msgs_generate_messages_eus
[  0%] Built target sensor_msgs_generate_messages_lisp
[  0%] Built target sensor_msgs_generate_messages_nodejs
[  0%] Built target std_srvs_generate_messages_lisp
[  0%] Built target rosgraph_msgs_generate_messages_nodejs
[  0%] Built target uuid_msgs_generate_messages_nodejs
[  0%] Built target std_srvs_generate_messages_eus
[  0%] Built target uuid_msgs_generate_messages_py
[ 52%] Built target airsim_ros_generate_messages_py
[ 65%] Built target airsim_ros_generate_messages_eus
[ 82%] Built target airsim_ros_generate_messages_nodejs
[ 88%] Built target airsim_ros_generate_messages_lisp
[ 95%] Built target airsim_ros_generate_messages_cpp
[ 95%] Built target airsim_ros_generate_messages
[ 97%] Built target pd_position_controller_simple
[100%] Built target pd_position_controller_simple_node
