Symlinking /media/m2g/workdisk/workspace/GitHub/m2g_racing/m2g_racing/devel/include/airsim_ros/Reset.h
Symlinking /media/m2g/workdisk/workspace/GitHub/m2g_racing/m2g_racing/devel/include/airsim_ros/Altimeter.h
Symlinking /media/m2g/workdisk/workspace/GitHub/m2g_racing/m2g_racing/devel/include/airsim_ros/AngleRateThrottle.h
Symlinking /media/m2g/workdisk/workspace/GitHub/m2g_racing/m2g_racing/devel/include/airsim_ros/CarControls.h
Symlinking /media/m2g/workdisk/workspace/GitHub/m2g_racing/m2g_racing/devel/include/airsim_ros/CarState.h
Symlinking /media/m2g/workdisk/workspace/GitHub/m2g_racing/m2g_racing/devel/include/airsim_ros/Circle.h
Symlinking /media/m2g/workdisk/workspace/GitHub/m2g_racing/m2g_racing/devel/include/airsim_ros/CirclePoses.h
Symlinking /media/m2g/workdisk/workspace/GitHub/m2g_racing/m2g_racing/devel/include/airsim_ros/Environment.h
Symlinking /media/m2g/workdisk/workspace/GitHub/m2g_racing/m2g_racing/devel/include/airsim_ros/GimbalAngleEulerCmd.h
Symlinking /media/m2g/workdisk/workspace/GitHub/m2g_racing/m2g_racing/devel/include/airsim_ros/GimbalAngleQuatCmd.h
Symlinking /media/m2g/workdisk/workspace/GitHub/m2g_racing/m2g_racing/devel/include/airsim_ros/GPSYaw.h
Symlinking /media/m2g/workdisk/workspace/GitHub/m2g_racing/m2g_racing/devel/include/airsim_ros/Land.h
Symlinking /media/m2g/workdisk/workspace/GitHub/m2g_racing/m2g_racing/devel/include/airsim_ros/LandGroup.h
Symlinking /media/m2g/workdisk/workspace/GitHub/m2g_racing/m2g_racing/devel/include/airsim_ros/LandGroupRequest.h
Symlinking /media/m2g/workdisk/workspace/GitHub/m2g_racing/m2g_racing/devel/include/airsim_ros/LandGroupResponse.h
Symlinking /media/m2g/workdisk/workspace/GitHub/m2g_racing/m2g_racing/devel/include/airsim_ros/LandRequest.h
Symlinking /media/m2g/workdisk/workspace/GitHub/m2g_racing/m2g_racing/devel/include/airsim_ros/LandResponse.h
Symlinking /media/m2g/workdisk/workspace/GitHub/m2g_racing/m2g_racing/devel/include/airsim_ros/PoseCmd.h
Symlinking /media/m2g/workdisk/workspace/GitHub/m2g_racing/m2g_racing/devel/include/airsim_ros/ResetRequest.h
Symlinking /media/m2g/workdisk/workspace/GitHub/m2g_racing/m2g_racing/devel/include/airsim_ros/ResetResponse.h
Symlinking /media/m2g/workdisk/workspace/GitHub/m2g_racing/m2g_racing/devel/include/airsim_ros/RotorPWM.h
Symlinking /media/m2g/workdisk/workspace/GitHub/m2g_racing/m2g_racing/devel/include/airsim_ros/SetGPSPosition.h
Symlinking /media/m2g/workdisk/workspace/GitHub/m2g_racing/m2g_racing/devel/include/airsim_ros/SetGPSPositionRequest.h
Symlinking /media/m2g/workdisk/workspace/GitHub/m2g_racing/m2g_racing/devel/include/airsim_ros/SetGPSPositionResponse.h
Symlinking /media/m2g/workdisk/workspace/GitHub/m2g_racing/m2g_racing/devel/include/airsim_ros/SetLocalPosition.h
Symlinking /media/m2g/workdisk/workspace/GitHub/m2g_racing/m2g_racing/devel/include/airsim_ros/SetLocalPositionRequest.h
Symlinking /media/m2g/workdisk/workspace/GitHub/m2g_racing/m2g_racing/devel/include/airsim_ros/SetLocalPositionResponse.h
Symlinking /media/m2g/workdisk/workspace/GitHub/m2g_racing/m2g_racing/devel/include/airsim_ros/Takeoff.h
Symlinking /media/m2g/workdisk/workspace/GitHub/m2g_racing/m2g_racing/devel/include/airsim_ros/TakeoffGroup.h
Symlinking /media/m2g/workdisk/workspace/GitHub/m2g_racing/m2g_racing/devel/include/airsim_ros/TakeoffGroupRequest.h
Symlinking /media/m2g/workdisk/workspace/GitHub/m2g_racing/m2g_racing/devel/include/airsim_ros/TakeoffGroupResponse.h
Symlinking /media/m2g/workdisk/workspace/GitHub/m2g_racing/m2g_racing/devel/include/airsim_ros/TakeoffRequest.h
Symlinking /media/m2g/workdisk/workspace/GitHub/m2g_racing/m2g_racing/devel/include/airsim_ros/TakeoffResponse.h
Symlinking /media/m2g/workdisk/workspace/GitHub/m2g_racing/m2g_racing/devel/include/airsim_ros/TopicHz.h
Symlinking /media/m2g/workdisk/workspace/GitHub/m2g_racing/m2g_racing/devel/include/airsim_ros/TopicHzRequest.h
Symlinking /media/m2g/workdisk/workspace/GitHub/m2g_racing/m2g_racing/devel/include/airsim_ros/TopicHzResponse.h
Symlinking /media/m2g/workdisk/workspace/GitHub/m2g_racing/m2g_racing/devel/include/airsim_ros/TreePoses.h
Symlinking /media/m2g/workdisk/workspace/GitHub/m2g_racing/m2g_racing/devel/include/airsim_ros/VelCmd.h
Symlinking /media/m2g/workdisk/workspace/GitHub/m2g_racing/m2g_racing/devel/include/airsim_ros/VelCmdGroup.h
Symlinking /media/m2g/workdisk/workspace/GitHub/m2g_racing/m2g_racing/devel/lib/libpd_position_controller_simple.so
Symlinking /media/m2g/workdisk/workspace/GitHub/m2g_racing/m2g_racing/devel/lib/airsim_ros/pd_position_controller_simple_node
Symlinking /media/m2g/workdisk/workspace/GitHub/m2g_racing/m2g_racing/devel/lib/pkgconfig/airsim_ros.pc
Symlinking /media/m2g/workdisk/workspace/GitHub/m2g_racing/m2g_racing/devel/lib/python3/dist-packages/airsim_ros/__init__.py
Symlinking /media/m2g/workdisk/workspace/GitHub/m2g_racing/m2g_racing/devel/lib/python3/dist-packages/airsim_ros/msg/_Altimeter.py
Symlinking /media/m2g/workdisk/workspace/GitHub/m2g_racing/m2g_racing/devel/lib/python3/dist-packages/airsim_ros/msg/_AngleRateThrottle.py
Symlinking /media/m2g/workdisk/workspace/GitHub/m2g_racing/m2g_racing/devel/lib/python3/dist-packages/airsim_ros/msg/_CarControls.py
Symlinking /media/m2g/workdisk/workspace/GitHub/m2g_racing/m2g_racing/devel/lib/python3/dist-packages/airsim_ros/msg/_CarState.py
Symlinking /media/m2g/workdisk/workspace/GitHub/m2g_racing/m2g_racing/devel/lib/python3/dist-packages/airsim_ros/msg/_Circle.py
Symlinking /media/m2g/workdisk/workspace/GitHub/m2g_racing/m2g_racing/devel/lib/python3/dist-packages/airsim_ros/msg/_CirclePoses.py
Symlinking /media/m2g/workdisk/workspace/GitHub/m2g_racing/m2g_racing/devel/lib/python3/dist-packages/airsim_ros/msg/_Environment.py
Symlinking /media/m2g/workdisk/workspace/GitHub/m2g_racing/m2g_racing/devel/lib/python3/dist-packages/airsim_ros/msg/_GimbalAngleEulerCmd.py
Symlinking /media/m2g/workdisk/workspace/GitHub/m2g_racing/m2g_racing/devel/lib/python3/dist-packages/airsim_ros/msg/_GimbalAngleQuatCmd.py
Symlinking /media/m2g/workdisk/workspace/GitHub/m2g_racing/m2g_racing/devel/lib/python3/dist-packages/airsim_ros/msg/_GPSYaw.py
Symlinking /media/m2g/workdisk/workspace/GitHub/m2g_racing/m2g_racing/devel/lib/python3/dist-packages/airsim_ros/msg/_PoseCmd.py
Symlinking /media/m2g/workdisk/workspace/GitHub/m2g_racing/m2g_racing/devel/lib/python3/dist-packages/airsim_ros/msg/_RotorPWM.py
Symlinking /media/m2g/workdisk/workspace/GitHub/m2g_racing/m2g_racing/devel/lib/python3/dist-packages/airsim_ros/msg/_TreePoses.py
Symlinking /media/m2g/workdisk/workspace/GitHub/m2g_racing/m2g_racing/devel/lib/python3/dist-packages/airsim_ros/msg/_VelCmd.py
Symlinking /media/m2g/workdisk/workspace/GitHub/m2g_racing/m2g_racing/devel/lib/python3/dist-packages/airsim_ros/msg/_VelCmdGroup.py
Symlinking /media/m2g/workdisk/workspace/GitHub/m2g_racing/m2g_racing/devel/lib/python3/dist-packages/airsim_ros/msg/__init__.py
Symlinking /media/m2g/workdisk/workspace/GitHub/m2g_racing/m2g_racing/devel/lib/python3/dist-packages/airsim_ros/srv/_Land.py
Symlinking /media/m2g/workdisk/workspace/GitHub/m2g_racing/m2g_racing/devel/lib/python3/dist-packages/airsim_ros/srv/_LandGroup.py
Symlinking /media/m2g/workdisk/workspace/GitHub/m2g_racing/m2g_racing/devel/lib/python3/dist-packages/airsim_ros/srv/_Reset.py
Symlinking /media/m2g/workdisk/workspace/GitHub/m2g_racing/m2g_racing/devel/lib/python3/dist-packages/airsim_ros/srv/_SetGPSPosition.py
Symlinking /media/m2g/workdisk/workspace/GitHub/m2g_racing/m2g_racing/devel/lib/python3/dist-packages/airsim_ros/srv/_SetLocalPosition.py
Symlinking /media/m2g/workdisk/workspace/GitHub/m2g_racing/m2g_racing/devel/lib/python3/dist-packages/airsim_ros/srv/_Takeoff.py
Symlinking /media/m2g/workdisk/workspace/GitHub/m2g_racing/m2g_racing/devel/lib/python3/dist-packages/airsim_ros/srv/_TakeoffGroup.py
Symlinking /media/m2g/workdisk/workspace/GitHub/m2g_racing/m2g_racing/devel/lib/python3/dist-packages/airsim_ros/srv/_TopicHz.py
Symlinking /media/m2g/workdisk/workspace/GitHub/m2g_racing/m2g_racing/devel/lib/python3/dist-packages/airsim_ros/srv/__init__.py
Symlinking /media/m2g/workdisk/workspace/GitHub/m2g_racing/m2g_racing/devel/share/airsim_ros/cmake/airsim_ros-msg-extras.cmake
Symlinking /media/m2g/workdisk/workspace/GitHub/m2g_racing/m2g_racing/devel/share/airsim_ros/cmake/airsim_ros-msg-paths.cmake
Symlinking /media/m2g/workdisk/workspace/GitHub/m2g_racing/m2g_racing/devel/share/airsim_ros/cmake/airsim_rosConfig-version.cmake
Symlinking /media/m2g/workdisk/workspace/GitHub/m2g_racing/m2g_racing/devel/share/airsim_ros/cmake/airsim_rosConfig.cmake
Symlinking /media/m2g/workdisk/workspace/GitHub/m2g_racing/m2g_racing/devel/share/common-lisp/ros/airsim_ros/msg/airsim_ros-msg.asd
Symlinking /media/m2g/workdisk/workspace/GitHub/m2g_racing/m2g_racing/devel/share/common-lisp/ros/airsim_ros/msg/Altimeter.lisp
Symlinking /media/m2g/workdisk/workspace/GitHub/m2g_racing/m2g_racing/devel/share/common-lisp/ros/airsim_ros/msg/AngleRateThrottle.lisp
Symlinking /media/m2g/workdisk/workspace/GitHub/m2g_racing/m2g_racing/devel/share/common-lisp/ros/airsim_ros/msg/CarControls.lisp
Symlinking /media/m2g/workdisk/workspace/GitHub/m2g_racing/m2g_racing/devel/share/common-lisp/ros/airsim_ros/msg/CarState.lisp
Symlinking /media/m2g/workdisk/workspace/GitHub/m2g_racing/m2g_racing/devel/share/common-lisp/ros/airsim_ros/msg/Circle.lisp
Symlinking /media/m2g/workdisk/workspace/GitHub/m2g_racing/m2g_racing/devel/share/common-lisp/ros/airsim_ros/msg/CirclePoses.lisp
Symlinking /media/m2g/workdisk/workspace/GitHub/m2g_racing/m2g_racing/devel/share/common-lisp/ros/airsim_ros/msg/Environment.lisp
Symlinking /media/m2g/workdisk/workspace/GitHub/m2g_racing/m2g_racing/devel/share/common-lisp/ros/airsim_ros/msg/GimbalAngleEulerCmd.lisp
Symlinking /media/m2g/workdisk/workspace/GitHub/m2g_racing/m2g_racing/devel/share/common-lisp/ros/airsim_ros/msg/GimbalAngleQuatCmd.lisp
Symlinking /media/m2g/workdisk/workspace/GitHub/m2g_racing/m2g_racing/devel/share/common-lisp/ros/airsim_ros/msg/GPSYaw.lisp
Symlinking /media/m2g/workdisk/workspace/GitHub/m2g_racing/m2g_racing/devel/share/common-lisp/ros/airsim_ros/msg/PoseCmd.lisp
Symlinking /media/m2g/workdisk/workspace/GitHub/m2g_racing/m2g_racing/devel/share/common-lisp/ros/airsim_ros/msg/RotorPWM.lisp
Symlinking /media/m2g/workdisk/workspace/GitHub/m2g_racing/m2g_racing/devel/share/common-lisp/ros/airsim_ros/msg/TreePoses.lisp
Symlinking /media/m2g/workdisk/workspace/GitHub/m2g_racing/m2g_racing/devel/share/common-lisp/ros/airsim_ros/msg/VelCmd.lisp
Symlinking /media/m2g/workdisk/workspace/GitHub/m2g_racing/m2g_racing/devel/share/common-lisp/ros/airsim_ros/msg/VelCmdGroup.lisp
Symlinking /media/m2g/workdisk/workspace/GitHub/m2g_racing/m2g_racing/devel/share/common-lisp/ros/airsim_ros/msg/_package.lisp
Symlinking /media/m2g/workdisk/workspace/GitHub/m2g_racing/m2g_racing/devel/share/common-lisp/ros/airsim_ros/msg/_package_Altimeter.lisp
Symlinking /media/m2g/workdisk/workspace/GitHub/m2g_racing/m2g_racing/devel/share/common-lisp/ros/airsim_ros/msg/_package_AngleRateThrottle.lisp
Symlinking /media/m2g/workdisk/workspace/GitHub/m2g_racing/m2g_racing/devel/share/common-lisp/ros/airsim_ros/msg/_package_CarControls.lisp
Symlinking /media/m2g/workdisk/workspace/GitHub/m2g_racing/m2g_racing/devel/share/common-lisp/ros/airsim_ros/msg/_package_CarState.lisp
Symlinking /media/m2g/workdisk/workspace/GitHub/m2g_racing/m2g_racing/devel/share/common-lisp/ros/airsim_ros/msg/_package_Circle.lisp
Symlinking /media/m2g/workdisk/workspace/GitHub/m2g_racing/m2g_racing/devel/share/common-lisp/ros/airsim_ros/msg/_package_CirclePoses.lisp
Symlinking /media/m2g/workdisk/workspace/GitHub/m2g_racing/m2g_racing/devel/share/common-lisp/ros/airsim_ros/msg/_package_Environment.lisp
Symlinking /media/m2g/workdisk/workspace/GitHub/m2g_racing/m2g_racing/devel/share/common-lisp/ros/airsim_ros/msg/_package_GimbalAngleEulerCmd.lisp
Symlinking /media/m2g/workdisk/workspace/GitHub/m2g_racing/m2g_racing/devel/share/common-lisp/ros/airsim_ros/msg/_package_GimbalAngleQuatCmd.lisp
Symlinking /media/m2g/workdisk/workspace/GitHub/m2g_racing/m2g_racing/devel/share/common-lisp/ros/airsim_ros/msg/_package_GPSYaw.lisp
Symlinking /media/m2g/workdisk/workspace/GitHub/m2g_racing/m2g_racing/devel/share/common-lisp/ros/airsim_ros/msg/_package_PoseCmd.lisp
Symlinking /media/m2g/workdisk/workspace/GitHub/m2g_racing/m2g_racing/devel/share/common-lisp/ros/airsim_ros/msg/_package_RotorPWM.lisp
Symlinking /media/m2g/workdisk/workspace/GitHub/m2g_racing/m2g_racing/devel/share/common-lisp/ros/airsim_ros/msg/_package_TreePoses.lisp
Symlinking /media/m2g/workdisk/workspace/GitHub/m2g_racing/m2g_racing/devel/share/common-lisp/ros/airsim_ros/msg/_package_VelCmd.lisp
Symlinking /media/m2g/workdisk/workspace/GitHub/m2g_racing/m2g_racing/devel/share/common-lisp/ros/airsim_ros/msg/_package_VelCmdGroup.lisp
Symlinking /media/m2g/workdisk/workspace/GitHub/m2g_racing/m2g_racing/devel/share/common-lisp/ros/airsim_ros/srv/airsim_ros-srv.asd
Symlinking /media/m2g/workdisk/workspace/GitHub/m2g_racing/m2g_racing/devel/share/common-lisp/ros/airsim_ros/srv/Land.lisp
Symlinking /media/m2g/workdisk/workspace/GitHub/m2g_racing/m2g_racing/devel/share/common-lisp/ros/airsim_ros/srv/LandGroup.lisp
Symlinking /media/m2g/workdisk/workspace/GitHub/m2g_racing/m2g_racing/devel/share/common-lisp/ros/airsim_ros/srv/Reset.lisp
Symlinking /media/m2g/workdisk/workspace/GitHub/m2g_racing/m2g_racing/devel/share/common-lisp/ros/airsim_ros/srv/SetGPSPosition.lisp
Symlinking /media/m2g/workdisk/workspace/GitHub/m2g_racing/m2g_racing/devel/share/common-lisp/ros/airsim_ros/srv/SetLocalPosition.lisp
Symlinking /media/m2g/workdisk/workspace/GitHub/m2g_racing/m2g_racing/devel/share/common-lisp/ros/airsim_ros/srv/Takeoff.lisp
Symlinking /media/m2g/workdisk/workspace/GitHub/m2g_racing/m2g_racing/devel/share/common-lisp/ros/airsim_ros/srv/TakeoffGroup.lisp
Symlinking /media/m2g/workdisk/workspace/GitHub/m2g_racing/m2g_racing/devel/share/common-lisp/ros/airsim_ros/srv/TopicHz.lisp
Symlinking /media/m2g/workdisk/workspace/GitHub/m2g_racing/m2g_racing/devel/share/common-lisp/ros/airsim_ros/srv/_package.lisp
Symlinking /media/m2g/workdisk/workspace/GitHub/m2g_racing/m2g_racing/devel/share/common-lisp/ros/airsim_ros/srv/_package_Land.lisp
Symlinking /media/m2g/workdisk/workspace/GitHub/m2g_racing/m2g_racing/devel/share/common-lisp/ros/airsim_ros/srv/_package_LandGroup.lisp
Symlinking /media/m2g/workdisk/workspace/GitHub/m2g_racing/m2g_racing/devel/share/common-lisp/ros/airsim_ros/srv/_package_Reset.lisp
Symlinking /media/m2g/workdisk/workspace/GitHub/m2g_racing/m2g_racing/devel/share/common-lisp/ros/airsim_ros/srv/_package_SetGPSPosition.lisp
Symlinking /media/m2g/workdisk/workspace/GitHub/m2g_racing/m2g_racing/devel/share/common-lisp/ros/airsim_ros/srv/_package_SetLocalPosition.lisp
Symlinking /media/m2g/workdisk/workspace/GitHub/m2g_racing/m2g_racing/devel/share/common-lisp/ros/airsim_ros/srv/_package_Takeoff.lisp
Symlinking /media/m2g/workdisk/workspace/GitHub/m2g_racing/m2g_racing/devel/share/common-lisp/ros/airsim_ros/srv/_package_TakeoffGroup.lisp
Symlinking /media/m2g/workdisk/workspace/GitHub/m2g_racing/m2g_racing/devel/share/common-lisp/ros/airsim_ros/srv/_package_TopicHz.lisp
Symlinking /media/m2g/workdisk/workspace/GitHub/m2g_racing/m2g_racing/devel/share/gennodejs/ros/airsim_ros/_index.js
Symlinking /media/m2g/workdisk/workspace/GitHub/m2g_racing/m2g_racing/devel/share/gennodejs/ros/airsim_ros/msg/Altimeter.js
Symlinking /media/m2g/workdisk/workspace/GitHub/m2g_racing/m2g_racing/devel/share/gennodejs/ros/airsim_ros/msg/AngleRateThrottle.js
Symlinking /media/m2g/workdisk/workspace/GitHub/m2g_racing/m2g_racing/devel/share/gennodejs/ros/airsim_ros/msg/CarControls.js
Symlinking /media/m2g/workdisk/workspace/GitHub/m2g_racing/m2g_racing/devel/share/gennodejs/ros/airsim_ros/msg/CarState.js
Symlinking /media/m2g/workdisk/workspace/GitHub/m2g_racing/m2g_racing/devel/share/gennodejs/ros/airsim_ros/msg/Circle.js
Symlinking /media/m2g/workdisk/workspace/GitHub/m2g_racing/m2g_racing/devel/share/gennodejs/ros/airsim_ros/msg/CirclePoses.js
Symlinking /media/m2g/workdisk/workspace/GitHub/m2g_racing/m2g_racing/devel/share/gennodejs/ros/airsim_ros/msg/Environment.js
Symlinking /media/m2g/workdisk/workspace/GitHub/m2g_racing/m2g_racing/devel/share/gennodejs/ros/airsim_ros/msg/GimbalAngleEulerCmd.js
Symlinking /media/m2g/workdisk/workspace/GitHub/m2g_racing/m2g_racing/devel/share/gennodejs/ros/airsim_ros/msg/GimbalAngleQuatCmd.js
Symlinking /media/m2g/workdisk/workspace/GitHub/m2g_racing/m2g_racing/devel/share/gennodejs/ros/airsim_ros/msg/GPSYaw.js
Symlinking /media/m2g/workdisk/workspace/GitHub/m2g_racing/m2g_racing/devel/share/gennodejs/ros/airsim_ros/msg/PoseCmd.js
Symlinking /media/m2g/workdisk/workspace/GitHub/m2g_racing/m2g_racing/devel/share/gennodejs/ros/airsim_ros/msg/RotorPWM.js
Symlinking /media/m2g/workdisk/workspace/GitHub/m2g_racing/m2g_racing/devel/share/gennodejs/ros/airsim_ros/msg/TreePoses.js
Symlinking /media/m2g/workdisk/workspace/GitHub/m2g_racing/m2g_racing/devel/share/gennodejs/ros/airsim_ros/msg/VelCmd.js
Symlinking /media/m2g/workdisk/workspace/GitHub/m2g_racing/m2g_racing/devel/share/gennodejs/ros/airsim_ros/msg/VelCmdGroup.js
Symlinking /media/m2g/workdisk/workspace/GitHub/m2g_racing/m2g_racing/devel/share/gennodejs/ros/airsim_ros/msg/_index.js
Symlinking /media/m2g/workdisk/workspace/GitHub/m2g_racing/m2g_racing/devel/share/gennodejs/ros/airsim_ros/srv/Land.js
Symlinking /media/m2g/workdisk/workspace/GitHub/m2g_racing/m2g_racing/devel/share/gennodejs/ros/airsim_ros/srv/LandGroup.js
Symlinking /media/m2g/workdisk/workspace/GitHub/m2g_racing/m2g_racing/devel/share/gennodejs/ros/airsim_ros/srv/Reset.js
Symlinking /media/m2g/workdisk/workspace/GitHub/m2g_racing/m2g_racing/devel/share/gennodejs/ros/airsim_ros/srv/SetGPSPosition.js
Symlinking /media/m2g/workdisk/workspace/GitHub/m2g_racing/m2g_racing/devel/share/gennodejs/ros/airsim_ros/srv/SetLocalPosition.js
Symlinking /media/m2g/workdisk/workspace/GitHub/m2g_racing/m2g_racing/devel/share/gennodejs/ros/airsim_ros/srv/Takeoff.js
Symlinking /media/m2g/workdisk/workspace/GitHub/m2g_racing/m2g_racing/devel/share/gennodejs/ros/airsim_ros/srv/TakeoffGroup.js
Symlinking /media/m2g/workdisk/workspace/GitHub/m2g_racing/m2g_racing/devel/share/gennodejs/ros/airsim_ros/srv/TopicHz.js
Symlinking /media/m2g/workdisk/workspace/GitHub/m2g_racing/m2g_racing/devel/share/gennodejs/ros/airsim_ros/srv/_index.js
Symlinking /media/m2g/workdisk/workspace/GitHub/m2g_racing/m2g_racing/devel/share/roseus/ros/airsim_ros/manifest.l
Symlinking /media/m2g/workdisk/workspace/GitHub/m2g_racing/m2g_racing/devel/share/roseus/ros/airsim_ros/msg/Altimeter.l
Symlinking /media/m2g/workdisk/workspace/GitHub/m2g_racing/m2g_racing/devel/share/roseus/ros/airsim_ros/msg/AngleRateThrottle.l
Symlinking /media/m2g/workdisk/workspace/GitHub/m2g_racing/m2g_racing/devel/share/roseus/ros/airsim_ros/msg/CarControls.l
Symlinking /media/m2g/workdisk/workspace/GitHub/m2g_racing/m2g_racing/devel/share/roseus/ros/airsim_ros/msg/CarState.l
Symlinking /media/m2g/workdisk/workspace/GitHub/m2g_racing/m2g_racing/devel/share/roseus/ros/airsim_ros/msg/Circle.l
Symlinking /media/m2g/workdisk/workspace/GitHub/m2g_racing/m2g_racing/devel/share/roseus/ros/airsim_ros/msg/CirclePoses.l
Symlinking /media/m2g/workdisk/workspace/GitHub/m2g_racing/m2g_racing/devel/share/roseus/ros/airsim_ros/msg/Environment.l
Symlinking /media/m2g/workdisk/workspace/GitHub/m2g_racing/m2g_racing/devel/share/roseus/ros/airsim_ros/msg/GimbalAngleEulerCmd.l
Symlinking /media/m2g/workdisk/workspace/GitHub/m2g_racing/m2g_racing/devel/share/roseus/ros/airsim_ros/msg/GimbalAngleQuatCmd.l
Symlinking /media/m2g/workdisk/workspace/GitHub/m2g_racing/m2g_racing/devel/share/roseus/ros/airsim_ros/msg/GPSYaw.l
Symlinking /media/m2g/workdisk/workspace/GitHub/m2g_racing/m2g_racing/devel/share/roseus/ros/airsim_ros/msg/PoseCmd.l
Symlinking /media/m2g/workdisk/workspace/GitHub/m2g_racing/m2g_racing/devel/share/roseus/ros/airsim_ros/msg/RotorPWM.l
Symlinking /media/m2g/workdisk/workspace/GitHub/m2g_racing/m2g_racing/devel/share/roseus/ros/airsim_ros/msg/TreePoses.l
Symlinking /media/m2g/workdisk/workspace/GitHub/m2g_racing/m2g_racing/devel/share/roseus/ros/airsim_ros/msg/VelCmd.l
Symlinking /media/m2g/workdisk/workspace/GitHub/m2g_racing/m2g_racing/devel/share/roseus/ros/airsim_ros/msg/VelCmdGroup.l
Symlinking /media/m2g/workdisk/workspace/GitHub/m2g_racing/m2g_racing/devel/share/roseus/ros/airsim_ros/srv/Land.l
Symlinking /media/m2g/workdisk/workspace/GitHub/m2g_racing/m2g_racing/devel/share/roseus/ros/airsim_ros/srv/LandGroup.l
Symlinking /media/m2g/workdisk/workspace/GitHub/m2g_racing/m2g_racing/devel/share/roseus/ros/airsim_ros/srv/Reset.l
Symlinking /media/m2g/workdisk/workspace/GitHub/m2g_racing/m2g_racing/devel/share/roseus/ros/airsim_ros/srv/SetGPSPosition.l
Symlinking /media/m2g/workdisk/workspace/GitHub/m2g_racing/m2g_racing/devel/share/roseus/ros/airsim_ros/srv/SetLocalPosition.l
Symlinking /media/m2g/workdisk/workspace/GitHub/m2g_racing/m2g_racing/devel/share/roseus/ros/airsim_ros/srv/Takeoff.l
Symlinking /media/m2g/workdisk/workspace/GitHub/m2g_racing/m2g_racing/devel/share/roseus/ros/airsim_ros/srv/TakeoffGroup.l
Symlinking /media/m2g/workdisk/workspace/GitHub/m2g_racing/m2g_racing/devel/share/roseus/ros/airsim_ros/srv/TopicHz.l
