Linked: (/media/m2g/workdisk/workspace/GitHub/m2g_racing/m2g_racing/devel/.private/image_proc/include/image_proc/CropDecimateConfig.h, /media/m2g/workdisk/workspace/GitHub/m2g_racing/m2g_racing/devel/include/image_proc/CropDecimateConfig.h)
Linked: (/media/m2g/workdisk/workspace/GitHub/m2g_racing/m2g_racing/devel/.private/image_proc/include/image_proc/DebayerConfig.h, /media/m2g/workdisk/workspace/GitHub/m2g_racing/m2g_racing/devel/include/image_proc/DebayerConfig.h)
Linked: (/media/m2g/workdisk/workspace/GitHub/m2g_racing/m2g_racing/devel/.private/image_proc/include/image_proc/RectifyConfig.h, /media/m2g/workdisk/workspace/GitHub/m2g_racing/m2g_racing/devel/include/image_proc/RectifyConfig.h)
Linked: (/media/m2g/workdisk/workspace/GitHub/m2g_racing/m2g_racing/devel/.private/image_proc/include/image_proc/ResizeConfig.h, /media/m2g/workdisk/workspace/GitHub/m2g_racing/m2g_racing/devel/include/image_proc/ResizeConfig.h)
Linked: (/media/m2g/workdisk/workspace/GitHub/m2g_racing/m2g_racing/devel/.private/image_proc/lib/libimage_proc.so, /media/m2g/workdisk/workspace/GitHub/m2g_racing/m2g_racing/devel/lib/libimage_proc.so)
Linked: (/media/m2g/workdisk/workspace/GitHub/m2g_racing/m2g_racing/devel/.private/image_proc/lib/image_proc/image_proc, /media/m2g/workdisk/workspace/GitHub/m2g_racing/m2g_racing/devel/lib/image_proc/image_proc)
Linked: (/media/m2g/workdisk/workspace/GitHub/m2g_racing/m2g_racing/devel/.private/image_proc/lib/pkgconfig/image_proc.pc, /media/m2g/workdisk/workspace/GitHub/m2g_racing/m2g_racing/devel/lib/pkgconfig/image_proc.pc)
Linked: (/media/m2g/workdisk/workspace/GitHub/m2g_racing/m2g_racing/devel/.private/image_proc/lib/python3/dist-packages/image_proc/__init__.py, /media/m2g/workdisk/workspace/GitHub/m2g_racing/m2g_racing/devel/lib/python3/dist-packages/image_proc/__init__.py)
Linked: (/media/m2g/workdisk/workspace/GitHub/m2g_racing/m2g_racing/devel/.private/image_proc/lib/python3/dist-packages/image_proc/cfg/CropDecimateConfig.py, /media/m2g/workdisk/workspace/GitHub/m2g_racing/m2g_racing/devel/lib/python3/dist-packages/image_proc/cfg/CropDecimateConfig.py)
Linked: (/media/m2g/workdisk/workspace/GitHub/m2g_racing/m2g_racing/devel/.private/image_proc/lib/python3/dist-packages/image_proc/cfg/DebayerConfig.py, /media/m2g/workdisk/workspace/GitHub/m2g_racing/m2g_racing/devel/lib/python3/dist-packages/image_proc/cfg/DebayerConfig.py)
Linked: (/media/m2g/workdisk/workspace/GitHub/m2g_racing/m2g_racing/devel/.private/image_proc/lib/python3/dist-packages/image_proc/cfg/RectifyConfig.py, /media/m2g/workdisk/workspace/GitHub/m2g_racing/m2g_racing/devel/lib/python3/dist-packages/image_proc/cfg/RectifyConfig.py)
Linked: (/media/m2g/workdisk/workspace/GitHub/m2g_racing/m2g_racing/devel/.private/image_proc/lib/python3/dist-packages/image_proc/cfg/ResizeConfig.py, /media/m2g/workdisk/workspace/GitHub/m2g_racing/m2g_racing/devel/lib/python3/dist-packages/image_proc/cfg/ResizeConfig.py)
Linked: (/media/m2g/workdisk/workspace/GitHub/m2g_racing/m2g_racing/devel/.private/image_proc/lib/python3/dist-packages/image_proc/cfg/__init__.py, /media/m2g/workdisk/workspace/GitHub/m2g_racing/m2g_racing/devel/lib/python3/dist-packages/image_proc/cfg/__init__.py)
Linked: (/media/m2g/workdisk/workspace/GitHub/m2g_racing/m2g_racing/devel/.private/image_proc/share/image_proc/cmake/image_procConfig-version.cmake, /media/m2g/workdisk/workspace/GitHub/m2g_racing/m2g_racing/devel/share/image_proc/cmake/image_procConfig-version.cmake)
Linked: (/media/m2g/workdisk/workspace/GitHub/m2g_racing/m2g_racing/devel/.private/image_proc/share/image_proc/cmake/image_procConfig.cmake, /media/m2g/workdisk/workspace/GitHub/m2g_racing/m2g_racing/devel/share/image_proc/cmake/image_procConfig.cmake)
Linked: (/media/m2g/workdisk/workspace/GitHub/m2g_racing/m2g_racing/devel/.private/image_proc/share/image_proc/docs/CropDecimateConfig-usage.dox, /media/m2g/workdisk/workspace/GitHub/m2g_racing/m2g_racing/devel/share/image_proc/docs/CropDecimateConfig-usage.dox)
Linked: (/media/m2g/workdisk/workspace/GitHub/m2g_racing/m2g_racing/devel/.private/image_proc/share/image_proc/docs/CropDecimateConfig.dox, /media/m2g/workdisk/workspace/GitHub/m2g_racing/m2g_racing/devel/share/image_proc/docs/CropDecimateConfig.dox)
Linked: (/media/m2g/workdisk/workspace/GitHub/m2g_racing/m2g_racing/devel/.private/image_proc/share/image_proc/docs/CropDecimateConfig.wikidoc, /media/m2g/workdisk/workspace/GitHub/m2g_racing/m2g_racing/devel/share/image_proc/docs/CropDecimateConfig.wikidoc)
Linked: (/media/m2g/workdisk/workspace/GitHub/m2g_racing/m2g_racing/devel/.private/image_proc/share/image_proc/docs/DebayerConfig-usage.dox, /media/m2g/workdisk/workspace/GitHub/m2g_racing/m2g_racing/devel/share/image_proc/docs/DebayerConfig-usage.dox)
Linked: (/media/m2g/workdisk/workspace/GitHub/m2g_racing/m2g_racing/devel/.private/image_proc/share/image_proc/docs/DebayerConfig.dox, /media/m2g/workdisk/workspace/GitHub/m2g_racing/m2g_racing/devel/share/image_proc/docs/DebayerConfig.dox)
Linked: (/media/m2g/workdisk/workspace/GitHub/m2g_racing/m2g_racing/devel/.private/image_proc/share/image_proc/docs/DebayerConfig.wikidoc, /media/m2g/workdisk/workspace/GitHub/m2g_racing/m2g_racing/devel/share/image_proc/docs/DebayerConfig.wikidoc)
Linked: (/media/m2g/workdisk/workspace/GitHub/m2g_racing/m2g_racing/devel/.private/image_proc/share/image_proc/docs/RectifyConfig-usage.dox, /media/m2g/workdisk/workspace/GitHub/m2g_racing/m2g_racing/devel/share/image_proc/docs/RectifyConfig-usage.dox)
Linked: (/media/m2g/workdisk/workspace/GitHub/m2g_racing/m2g_racing/devel/.private/image_proc/share/image_proc/docs/RectifyConfig.dox, /media/m2g/workdisk/workspace/GitHub/m2g_racing/m2g_racing/devel/share/image_proc/docs/RectifyConfig.dox)
Linked: (/media/m2g/workdisk/workspace/GitHub/m2g_racing/m2g_racing/devel/.private/image_proc/share/image_proc/docs/RectifyConfig.wikidoc, /media/m2g/workdisk/workspace/GitHub/m2g_racing/m2g_racing/devel/share/image_proc/docs/RectifyConfig.wikidoc)
Linked: (/media/m2g/workdisk/workspace/GitHub/m2g_racing/m2g_racing/devel/.private/image_proc/share/image_proc/docs/ResizeConfig-usage.dox, /media/m2g/workdisk/workspace/GitHub/m2g_racing/m2g_racing/devel/share/image_proc/docs/ResizeConfig-usage.dox)
Linked: (/media/m2g/workdisk/workspace/GitHub/m2g_racing/m2g_racing/devel/.private/image_proc/share/image_proc/docs/ResizeConfig.dox, /media/m2g/workdisk/workspace/GitHub/m2g_racing/m2g_racing/devel/share/image_proc/docs/ResizeConfig.dox)
Linked: (/media/m2g/workdisk/workspace/GitHub/m2g_racing/m2g_racing/devel/.private/image_proc/share/image_proc/docs/ResizeConfig.wikidoc, /media/m2g/workdisk/workspace/GitHub/m2g_racing/m2g_racing/devel/share/image_proc/docs/ResizeConfig.wikidoc)
