[35m[1mScanning dependencies of target camera_models[0m
[  3%] [32mBuilding CXX object CMakeFiles/camera_models.dir/src/chessboard/Chessboard.cc.o[0m
[35m[1mScanning dependencies of target Calibrations[0m
[  6%] [32mBuilding CXX object CMakeFiles/Calibrations.dir/src/intrinsic_calib.cc.o[0m
[ 10%] [32mBuilding CXX object CMakeFiles/Calibrations.dir/src/chessboard/Chessboard.cc.o[0m
[ 13%] [32mBuilding CXX object CMakeFiles/camera_models.dir/src/calib/CameraCalibration.cc.o[0m
[ 17%] [32mBuilding CXX object CMakeFiles/camera_models.dir/src/camera_models/Camera.cc.o[0m
[ 20%] [32mBuilding CXX object CMakeFiles/Calibrations.dir/src/calib/CameraCalibration.cc.o[0m
[ 24%] [32mBuilding CXX object CMakeFiles/Calibrations.dir/src/camera_models/Camera.cc.o[0m
[ 27%] [32mBuilding CXX object CMakeFiles/Calibrations.dir/src/camera_models/CameraFactory.cc.o[0m
[ 31%] [32mBuilding CXX object CMakeFiles/camera_models.dir/src/camera_models/CameraFactory.cc.o[0m
[ 34%] [32mBuilding CXX object CMakeFiles/Calibrations.dir/src/camera_models/CostFunctionFactory.cc.o[0m
[ 37%] [32mBuilding CXX object CMakeFiles/camera_models.dir/src/camera_models/CostFunctionFactory.cc.o[0m
[ 41%] [32mBuilding CXX object CMakeFiles/Calibrations.dir/src/camera_models/PinholeCamera.cc.o[0m
[ 44%] [32mBuilding CXX object CMakeFiles/Calibrations.dir/src/camera_models/PinholeFullCamera.cc.o[0m
[ 48%] [32mBuilding CXX object CMakeFiles/camera_models.dir/src/camera_models/PinholeCamera.cc.o[0m
[ 51%] [32mBuilding CXX object CMakeFiles/Calibrations.dir/src/camera_models/CataCamera.cc.o[0m
[ 55%] [32mBuilding CXX object CMakeFiles/camera_models.dir/src/camera_models/PinholeFullCamera.cc.o[0m
[ 58%] [32mBuilding CXX object CMakeFiles/Calibrations.dir/src/camera_models/EquidistantCamera.cc.o[0m
[ 62%] [32mBuilding CXX object CMakeFiles/camera_models.dir/src/camera_models/CataCamera.cc.o[0m
[ 65%] [32mBuilding CXX object CMakeFiles/Calibrations.dir/src/camera_models/ScaramuzzaCamera.cc.o[0m
[ 68%] [32mBuilding CXX object CMakeFiles/Calibrations.dir/src/sparse_graph/Transform.cc.o[0m
[ 72%] [32mBuilding CXX object CMakeFiles/Calibrations.dir/src/gpl/gpl.cc.o[0m
[ 75%] [32mBuilding CXX object CMakeFiles/Calibrations.dir/src/gpl/EigenQuaternionParameterization.cc.o[0m
[ 79%] [32mBuilding CXX object CMakeFiles/camera_models.dir/src/camera_models/EquidistantCamera.cc.o[0m
[ 82%] [32mBuilding CXX object CMakeFiles/camera_models.dir/src/camera_models/ScaramuzzaCamera.cc.o[0m
[ 86%] [32mBuilding CXX object CMakeFiles/camera_models.dir/src/sparse_graph/Transform.cc.o[0m
[ 89%] [32mBuilding CXX object CMakeFiles/camera_models.dir/src/gpl/gpl.cc.o[0m
[ 93%] [32mBuilding CXX object CMakeFiles/camera_models.dir/src/gpl/EigenQuaternionParameterization.cc.o[0m
[ 96%] [32m[1mLinking CXX shared library /media/m2g/workdisk/workspace/GitHub/m2g_racing/m2g_racing/devel/.private/camera_models/lib/libcamera_models.so[0m
[ 96%] Built target camera_models
[100%] [32m[1mLinking CXX executable /media/m2g/workdisk/workspace/GitHub/m2g_racing/m2g_racing/devel/.private/camera_models/lib/camera_models/Calibrations[0m
[100%] Built target Calibrations
